#
# There is insufficient memory for the Java Runtime Environment to continue.
# Native memory allocation (mmap) failed to map 132120576 bytes for G1 virtual space
# Possible reasons:
#   The system is out of physical RAM or swap space
#   The process is running with CompressedOops enabled, and the Java Heap may be blocking the growth of the native heap
# Possible solutions:
#   Reduce memory load on the system
#   Increase physical memory or swap space
#   Check if swap backing store is full
#   Decrease Java heap size (-Xmx/-Xms)
#   Decrease number of Java threads
#   Decrease Java thread stack sizes (-Xss)
#   Set larger code cache with -XX:ReservedCodeCacheSize=
#   JVM is running with Unscaled Compressed Oops mode in which the Java heap is
#     placed in the first 4GB address space. The Java Heap base address is the
#     maximum limit for the native heap growth. Please use -XX:HeapBaseMinAddress
#     to set the Java Heap base and to place the Java Heap above 4GB virtual address.
# This output file may be truncated or incomplete.
#
#  Out of Memory Error (./open/src/hotspot/os/windows/os_windows.cpp:3321), pid=27964, tid=21368
#
# JRE version:  (15.0.2+7) (build )
# Java VM: Java HotSpot(TM) 64-Bit Server VM (15.0.2+7-27, mixed mode, sharing, tiered, compressed oops, g1 gc, windows-amd64)
# No core dump will be written. Minidumps are not enabled by default on client versions of Windows
#

---------------  S U M M A R Y ------------

Command Line: -Dfile.encoding=Cp1252 --module-path=C:\Users\Bao binh\git\Java\Restaurant\src\libs\jcalendar-1.4.jar;C:\Users\Bao binh\git\Java\Restaurant\src\libs\mysql-connector-java-8.0.25.jar -XX:+ShowCodeDetailsInExceptionMessages Main.main

Host: Intel(R) Core(TM) i7-8565U CPU @ 1.80GHz, 8 cores, 7G,  Windows 10 , 64 bit Build 19041 (10.0.19041.1151)
Time: Thu Sep  9 18:50:34 2021 Paris, Madrid (heure d’été) elapsed time: 0.012718 seconds (0d 0h 0m 0s)

---------------  T H R E A D  ---------------

Current thread (0x00000263c243ed90):  JavaThread "Unknown thread" [_thread_in_vm, id=21368, stack(0x000000e2b4300000,0x000000e2b4400000)]

Stack: [0x000000e2b4300000,0x000000e2b4400000]
Native frames: (J=compiled Java code, j=interpreted, Vv=VM code, C=native code)
V  [jvm.dll+0x62ae9a]
V  [jvm.dll+0x7817a9]
V  [jvm.dll+0x782f03]
V  [jvm.dll+0x783563]
V  [jvm.dll+0x216325]
V  [jvm.dll+0x6281d9]
V  [jvm.dll+0x61cf55]
V  [jvm.dll+0x2cffdd]
V  [jvm.dll+0x2cfe42]
V  [jvm.dll+0x2d5e1c]
V  [jvm.dll+0x32590a]
V  [jvm.dll+0x324fd4]
V  [jvm.dll+0x2a6f5a]
V  [jvm.dll+0x2a80f8]
V  [jvm.dll+0x75e241]
V  [jvm.dll+0x3341c4]
V  [jvm.dll+0x73e926]
V  [jvm.dll+0x3b7557]
V  [jvm.dll+0x3b8fe1]
C  [jli.dll+0x52fb]
C  [ucrtbase.dll+0x21bb2]
C  [KERNEL32.DLL+0x17034]
C  [ntdll.dll+0x52651]


---------------  P R O C E S S  ---------------

Threads class SMR info:
_java_thread_list=0x00007ff97aab4ff0, length=0, elements={
}

Java Threads: ( => current thread )

Other Threads:
  0x00000263c247e9d0 GCTaskThread "GC Thread#0" [stack: 0x000000e2b4400000,0x000000e2b4500000] [id=14896]
  0x00000263c248f720 ConcurrentGCThread "G1 Main Marker" [stack: 0x000000e2b4500000,0x000000e2b4600000] [id=22016]
  0x00000263c2490b30 ConcurrentGCThread "G1 Conc#0" [stack: 0x000000e2b4600000,0x000000e2b4700000] [id=23312]

[error occurred during error reporting (printing all threads), id 0xc0000005, EXCEPTION_ACCESS_VIOLATION (0xc0000005) at pc=0x00007ff97a2a7e27]

VM state: not at safepoint (not fully initialized)

VM Mutex/Monitor currently owned by a thread:  ([mutex/lock_event])
[0x00000263c243a960] Heap_lock - owner thread: 0x00000263c243ed90

Heap address: 0x0000000082c00000, size: 2004 MB, Compressed Oops mode: 32-bit
CDS archive(s) mapped at: [0x0000000000000000-0x0000000000000000-0x0000000000000000), size 0, SharedBaseAddress: 0x0000000800000000, ArchiveRelocationMode: 0.
Narrow klass base: 0x0000000000000000, Narrow klass shift: 0, Narrow klass range: 0x0

Heap:
 garbage-first heap   total 129024K, used 0K [0x0000000082c00000, 0x0000000100000000)
  region size 1024K, 0 young (0K), 0 survivors (0K)
 Metaspace       used 0K, capacity 0K, committed 0K, reserved 0K
  class space    used 0K, capacity 0K, committed 0K, reserved 0K

Heap Regions: E=young(eden), S=young(survivor), O=old, HS=humongous(starts), HC=humongous(continues), CS=collection set, F=free, OA=open archive, CA=closed archive, TAMS=top-at-mark-start (previous, next)

Card table byte_map: [0x00000263d9da0000,0x00000263da190000] _byte_map_base: 0x00000263d998a000

Marking Bits (Prev, Next): (CMBitMap*) 0x00000263c247f240, (CMBitMap*) 0x00000263c247f280
 Prev Bits: [0x00000263da580000, 0x00000263dc4d0000)
 Next Bits: [0x00000263dc4d0000, 0x00000263de420000)

GC Heap History (0 events):
No events

Deoptimization events (0 events):
No events

Classes unloaded (0 events):
No events

Classes redefined (0 events):
No events

Internal exceptions (0 events):
No events

Events (1 events):
Event: 0.006 Loaded shared library C:\Program Files\Java\jdk-15.0.2\bin\java.dll


Dynamic libraries:
0x00007ff6be270000 - 0x00007ff6be27f000 	C:\Program Files\Java\jdk-15.0.2\bin\javaw.exe
0x00007ff9c1750000 - 0x00007ff9c1945000 	C:\WINDOWS\SYSTEM32\ntdll.dll
0x00007ff9bf7b0000 - 0x00007ff9bf86d000 	C:\WINDOWS\System32\KERNEL32.DLL
0x00007ff9bf3a0000 - 0x00007ff9bf669000 	C:\WINDOWS\System32\KERNELBASE.dll
0x00007ff9bf190000 - 0x00007ff9bf290000 	C:\WINDOWS\System32\ucrtbase.dll
0x00007ff9bcae0000 - 0x00007ff9bcaf8000 	C:\Program Files\Java\jdk-15.0.2\bin\jli.dll
0x00007ff9bca80000 - 0x00007ff9bca99000 	C:\Program Files\Java\jdk-15.0.2\bin\VCRUNTIME140.dll
0x00007ff9c0090000 - 0x00007ff9c013c000 	C:\WINDOWS\System32\ADVAPI32.dll
0x00007ff9c08d0000 - 0x00007ff9c096e000 	C:\WINDOWS\System32\msvcrt.dll
0x00007ff9c1050000 - 0x00007ff9c10eb000 	C:\WINDOWS\System32\sechost.dll
0x00007ff9c0f20000 - 0x00007ff9c104a000 	C:\WINDOWS\System32\RPCRT4.dll
0x00007ff9c13d0000 - 0x00007ff9c1570000 	C:\WINDOWS\System32\USER32.dll
0x00007ff9bf730000 - 0x00007ff9bf752000 	C:\WINDOWS\System32\win32u.dll
0x00007ff9c13a0000 - 0x00007ff9c13ca000 	C:\WINDOWS\System32\GDI32.dll
0x00007ff9aeec0000 - 0x00007ff9af15a000 	C:\WINDOWS\WinSxS\amd64_microsoft.windows.common-controls_6595b64144ccf1df_6.0.19041.1110_none_60b5254171f9507e\COMCTL32.dll
0x00007ff9bee80000 - 0x00007ff9bef8b000 	C:\WINDOWS\System32\gdi32full.dll
0x00007ff9bef90000 - 0x00007ff9bf02d000 	C:\WINDOWS\System32\msvcp_win.dll
0x00007ff9b4730000 - 0x00007ff9b473a000 	C:\WINDOWS\SYSTEM32\VERSION.dll
0x00007ff9c1620000 - 0x00007ff9c1650000 	C:\WINDOWS\System32\IMM32.DLL
0x00007ff9bcd50000 - 0x00007ff9bcd5c000 	C:\Program Files\Java\jdk-15.0.2\bin\vcruntime140_1.dll
0x00007ff9b9910000 - 0x00007ff9b99a1000 	C:\Program Files\Java\jdk-15.0.2\bin\msvcp140.dll
0x00007ff979ff0000 - 0x00007ff97ab4e000 	C:\Program Files\Java\jdk-15.0.2\bin\server\jvm.dll
0x00007ff9c10f0000 - 0x00007ff9c10f8000 	C:\WINDOWS\System32\PSAPI.DLL
0x00007ff9a2450000 - 0x00007ff9a2459000 	C:\WINDOWS\SYSTEM32\WSOCK32.dll
0x00007ff9a5f50000 - 0x00007ff9a5f77000 	C:\WINDOWS\SYSTEM32\WINMM.dll
0x00007ff9c0860000 - 0x00007ff9c08cb000 	C:\WINDOWS\System32\WS2_32.dll
0x00007ff9bd710000 - 0x00007ff9bd722000 	C:\WINDOWS\SYSTEM32\kernel.appcore.dll
0x00007ff9bca70000 - 0x00007ff9bca7a000 	C:\Program Files\Java\jdk-15.0.2\bin\jimage.dll
0x00007ff9b93f0000 - 0x00007ff9b95d4000 	C:\WINDOWS\SYSTEM32\DBGHELP.DLL
0x00007ff9adba0000 - 0x00007ff9adbcc000 	C:\WINDOWS\SYSTEM32\dbgcore.DLL
0x00007ff9bf670000 - 0x00007ff9bf6f3000 	C:\WINDOWS\System32\bcryptPrimitives.dll
0x00007ff9bbe30000 - 0x00007ff9bbe55000 	C:\Program Files\Java\jdk-15.0.2\bin\java.dll

dbghelp: loaded successfully - version: 4.0.5 - missing functions: none
symbol engine: initialized successfully - sym options: 0x614 - pdb path: .;C:\Program Files\Java\jdk-15.0.2\bin;C:\WINDOWS\SYSTEM32;C:\WINDOWS\WinSxS\amd64_microsoft.windows.common-controls_6595b64144ccf1df_6.0.19041.1110_none_60b5254171f9507e;C:\Program Files\Java\jdk-15.0.2\bin\server

VM Arguments:
jvm_args: -Dfile.encoding=Cp1252 --module-path=C:\Users\Bao binh\git\Java\Restaurant\src\libs\jcalendar-1.4.jar;C:\Users\Bao binh\git\Java\Restaurant\src\libs\mysql-connector-java-8.0.25.jar -XX:+ShowCodeDetailsInExceptionMessages 
java_command: Main.main
java_class_path (initial): C:\Users\Bao binh\git\Java\Restaurant\bin
Launcher Type: SUN_STANDARD

[Global flags]
     intx CICompilerCount                          = 4                                         {product} {ergonomic}
     uint ConcGCThreads                            = 2                                         {product} {ergonomic}
     uint G1ConcRefinementThreads                  = 8                                         {product} {ergonomic}
   size_t G1HeapRegionSize                         = 1048576                                   {product} {ergonomic}
    uintx GCDrainStackTargetSize                   = 64                                        {product} {ergonomic}
   size_t InitialHeapSize                          = 132120576                                 {product} {ergonomic}
   size_t MarkStackSize                            = 4194304                                   {product} {ergonomic}
   size_t MaxHeapSize                              = 2101346304                                {product} {ergonomic}
   size_t MinHeapDeltaBytes                        = 1048576                                   {product} {ergonomic}
   size_t MinHeapSize                              = 8388608                                   {product} {ergonomic}
    uintx NonNMethodCodeHeapSize                   = 5839372                                {pd product} {ergonomic}
    uintx NonProfiledCodeHeapSize                  = 122909434                              {pd product} {ergonomic}
    uintx ProfiledCodeHeapSize                     = 122909434                              {pd product} {ergonomic}
    uintx ReservedCodeCacheSize                    = 251658240                              {pd product} {ergonomic}
     bool SegmentedCodeCache                       = true                                      {product} {ergonomic}
     bool ShowCodeDetailsInExceptionMessages       = true                                   {manageable} {command line}
   size_t SoftMaxHeapSize                          = 2101346304                             {manageable} {ergonomic}
     bool UseCompressedClassPointers               = true                                 {lp64_product} {ergonomic}
     bool UseCompressedOops                        = true                                 {lp64_product} {ergonomic}
     bool UseG1GC                                  = true                                      {product} {ergonomic}
     bool UseLargePagesIndividualAllocation        = false                                  {pd product} {ergonomic}

Logging:
Log output configuration:
 #0: stdout all=warning uptime,level,tags
 #1: stderr all=off uptime,level,tags

Environment Variables:
PATH=C:\Program Files\Common Files\Oracle\Java\javapath;C:\App\db_home\bin;C:\WINDOWS\system32;C:\WINDOWS;C:\WINDOWS\System32\Wbem;C:\WINDOWS\System32\WindowsPowerShell\v1.0\;C:\WINDOWS\System32\OpenSSH\;C:\Program Files\Java\jre1.8.0_271\bin;C:\App\db_home\bin;C:\Program Files\dotnet\;C:\Program Files\Microsoft SQL Server\130\Tools\Binn\;C:\Program Files\Git\cmd;C:\Users\Bao binh\AppData\Local\Programs\Python\Python39\Scripts\;C:\Users\Bao binh\AppData\Local\Programs\Python\Python39\;C:\Users\Bao binh\AppData\Local\Microsoft\WindowsApps;C:\Users\Bao binh\AppData\Local\Programs\Microsoft VS Code\bin;C:\Program Files\Java\jre1.8.0_271\bin;C:\App\db_home\bin;C:\Users\Bao binh\.dotnet\tools;C:\Users\Bao binh\AppData\Local\GitHubDesktop\bin;
USERNAME=Bao binh
OS=Windows_NT
PROCESSOR_IDENTIFIER=Intel64 Family 6 Model 142 Stepping 12, GenuineIntel



---------------  S Y S T E M  ---------------

OS:
 Windows 10 , 64 bit Build 19041 (10.0.19041.1151)
OS uptime: 29 days 11:52 hours

CPU: total 8 (initial active 8) (4 cores per cpu, 2 threads per core) family 6 model 142 stepping 12 microcode 0xd6, cmov, cx8, fxsr, mmx, sse, sse2, sse3, ssse3, sse4.1, sse4.2, popcnt, vzeroupper, avx, avx2, aes, clmul, erms, 3dnowpref, lzcnt, ht, tsc, tscinvbit, bmi1, bmi2, adx, fma, clflush, clflushopt

Memory: 4k page, system-wide physical 8013M (466M free)
TotalPageFile size 32589M (AvailPageFile size 117M)
current process WorkingSet (physical memory assigned to process): 10M, peak: 10M
current process commit charge ("private bytes"): 60M, peak: 186M

vm_info: Java HotSpot(TM) 64-Bit Server VM (15.0.2+7-27) for windows-amd64 JRE (15.0.2+7-27), built on Dec  7 2020 20:07:01 by "mach5one" with unknown MS VC++:1925

END.
