#
# There is insufficient memory for the Java Runtime Environment to continue.
# Native memory allocation (malloc) failed to allocate 126256 bytes for Chunk::new
# Possible reasons:
#   The system is out of physical RAM or swap space
#   The process is running with CompressedOops enabled, and the Java Heap may be blocking the growth of the native heap
# Possible solutions:
#   Reduce memory load on the system
#   Increase physical memory or swap space
#   Check if swap backing store is full
#   Decrease Java heap size (-Xmx/-Xms)
#   Decrease number of Java threads
#   Decrease Java thread stack sizes (-Xss)
#   Set larger code cache with -XX:ReservedCodeCacheSize=
#   JVM is running with Unscaled Compressed Oops mode in which the Java heap is
#     placed in the first 4GB address space. The Java Heap base address is the
#     maximum limit for the native heap growth. Please use -XX:HeapBaseMinAddress
#     to set the Java Heap base and to place the Java Heap above 4GB virtual address.
# This output file may be truncated or incomplete.
#
#  Out of Memory Error (./open/src/hotspot/share/memory/arena.cpp:195), pid=7548, tid=15188
#
# JRE version: Java(TM) SE Runtime Environment (15.0.2+7) (build 15.0.2+7-27)
# Java VM: Java HotSpot(TM) 64-Bit Server VM (15.0.2+7-27, mixed mode, sharing, tiered, compressed oops, g1 gc, windows-amd64)
# No core dump will be written. Minidumps are not enabled by default on client versions of Windows
#

---------------  S U M M A R Y ------------

Command Line: -Dfile.encoding=Cp1252 --module-path=C:\Users\Bao binh\git\Java\Restaurant\src\libs\jcalendar-1.4.jar;C:\Users\Bao binh\git\Java\Restaurant\src\libs\mysql-connector-java-8.0.25.jar -XX:+ShowCodeDetailsInExceptionMessages Main.main

Host: Intel(R) Core(TM) i7-8565U CPU @ 1.80GHz, 8 cores, 7G,  Windows 10 , 64 bit Build 19041 (10.0.19041.1151)
Time: Thu Sep  9 18:50:40 2021 Paris, Madrid (heure d’été) elapsed time: 0.100802 seconds (0d 0h 0m 0s)

---------------  T H R E A D  ---------------

Current thread (0x0000017461cc05d0):  JavaThread "C2 CompilerThread1" daemon [_thread_in_native, id=15188, stack(0x000000706b900000,0x000000706ba00000)]


Current CompileTask:
C2:    100  348       4       java.util.ImmutableCollections$SetN::probe (56 bytes)

Stack: [0x000000706b900000,0x000000706ba00000]
Native frames: (J=compiled Java code, j=interpreted, Vv=VM code, C=native code)
V  [jvm.dll+0x62ae9a]
V  [jvm.dll+0x7817a9]
V  [jvm.dll+0x782f03]
V  [jvm.dll+0x783563]
V  [jvm.dll+0x216325]
V  [jvm.dll+0x97f3a]
V  [jvm.dll+0x9861c]
V  [jvm.dll+0x279f9f]
V  [jvm.dll+0x540794]
V  [jvm.dll+0x1f3124]
V  [jvm.dll+0x1ecaf1]
V  [jvm.dll+0x1e9867]
V  [jvm.dll+0x178567]
V  [jvm.dll+0x1f9225]
V  [jvm.dll+0x1f72cc]
V  [jvm.dll+0x74495d]
V  [jvm.dll+0x73d75a]
V  [jvm.dll+0x629c56]
C  [ucrtbase.dll+0x21bb2]
C  [KERNEL32.DLL+0x17034]
C  [ntdll.dll+0x52651]


---------------  P R O C E S S  ---------------

Threads class SMR info:
_java_thread_list=0x0000017461da1fa0, length=13, elements={
0x00000174423f37d0, 0x0000017460de19b0, 0x0000017460de2c30, 0x0000017460dfb6d0,
0x0000017460dfdfa0, 0x0000017460e00110, 0x0000017460e052f0, 0x0000017460e06540,
0x0000017460e0f710, 0x0000017461c45450, 0x0000017461cc05d0, 0x0000017461e278f0,
0x0000017461e27dc0
}

Java Threads: ( => current thread )
  0x00000174423f37d0 JavaThread "main" [_thread_in_vm, id=8728, stack(0x000000706a900000,0x000000706aa00000)]
  0x0000017460de19b0 JavaThread "Reference Handler" daemon [_thread_blocked, id=31180, stack(0x000000706b000000,0x000000706b100000)]
  0x0000017460de2c30 JavaThread "Finalizer" daemon [_thread_blocked, id=6312, stack(0x000000706b100000,0x000000706b200000)]
  0x0000017460dfb6d0 JavaThread "Signal Dispatcher" daemon [_thread_blocked, id=7676, stack(0x000000706b200000,0x000000706b300000)]
  0x0000017460dfdfa0 JavaThread "Attach Listener" daemon [_thread_blocked, id=19400, stack(0x000000706b300000,0x000000706b400000)]
  0x0000017460e00110 JavaThread "Service Thread" daemon [_thread_blocked, id=31904, stack(0x000000706b400000,0x000000706b500000)]
  0x0000017460e052f0 JavaThread "C2 CompilerThread0" daemon [_thread_in_native, id=7484, stack(0x000000706b500000,0x000000706b600000)]
  0x0000017460e06540 JavaThread "C1 CompilerThread0" daemon [_thread_in_native, id=25684, stack(0x000000706b600000,0x000000706b700000)]
  0x0000017460e0f710 JavaThread "Sweeper thread" daemon [_thread_blocked, id=33528, stack(0x000000706b700000,0x000000706b800000)]
  0x0000017461c45450 JavaThread "Common-Cleaner" daemon [_thread_blocked, id=10664, stack(0x000000706b800000,0x000000706b900000)]
=>0x0000017461cc05d0 JavaThread "C2 CompilerThread1" daemon [_thread_in_native, id=15188, stack(0x000000706b900000,0x000000706ba00000)]
  0x0000017461e278f0 JavaThread "Notification Thread" daemon [_thread_blocked, id=28680, stack(0x000000706ba00000,0x000000706bb00000)]
  0x0000017461e27dc0 JavaThread "C2 CompilerThread2" daemon [_thread_in_native, id=21600, stack(0x000000706bb00000,0x000000706bc00000)]

Other Threads:
  0x0000017460ddfa80 VMThread "VM Thread" [stack: 0x000000706af00000,0x000000706b000000] [id=33688]
  0x0000017442434100 GCTaskThread "GC Thread#0" [stack: 0x000000706aa00000,0x000000706ab00000] [id=22660]
  0x00000174424474a0 ConcurrentGCThread "G1 Main Marker" [stack: 0x000000706ab00000,0x000000706ac00000] [id=5092]
  0x0000017442447fa0 ConcurrentGCThread "G1 Conc#0" [stack: 0x000000706ac00000,0x000000706ad00000] [id=29768]
  0x00000174424bf3e0 ConcurrentGCThread "G1 Refine#0" [stack: 0x000000706ad00000,0x000000706ae00000] [id=32492]
  0x00000174424bfef0 ConcurrentGCThread "G1 Young RemSet Sampling" [stack: 0x000000706ae00000,0x000000706af00000] [id=24180]

Threads with active compile tasks:
C2 CompilerThread0      115  426       4       java.lang.String::charAt (25 bytes)
C1 CompilerThread0      115  422       3       java.lang.invoke.MemberName::checkForTypeAlias (172 bytes)
C2 CompilerThread1      115  348       4       java.util.ImmutableCollections$SetN::probe (56 bytes)
C2 CompilerThread2      115  417       4       jdk.internal.org.objectweb.asm.ByteVector::putUTF8 (144 bytes)

VM state: not at safepoint (normal execution)

VM Mutex/Monitor currently owned by a thread: None

Heap address: 0x0000000082c00000, size: 2004 MB, Compressed Oops mode: 32-bit
CDS archive(s) mapped at: [0x0000000800000000-0x0000000800b50000-0x0000000800b50000), size 11862016, SharedBaseAddress: 0x0000000800000000, ArchiveRelocationMode: 0.
Compressed class space mapped at: 0x0000000800b50000-0x0000000840b50000, size: 1073741824
Narrow klass base: 0x0000000800000000, Narrow klass shift: 3, Narrow klass range: 0x100000000

GC Precious Log:
 CPUs: 8 total, 8 available
 Memory: 8013M
 Large Page Support: Disabled
 NUMA Support: Disabled
 Compressed Oops: Enabled (32-bit)
 Heap Region Size: 1M
 Heap Min Capacity: 8M
 Heap Initial Capacity: 126M
 Heap Max Capacity: 2004M
 Pre-touch: Disabled
 Parallel Workers: 8
 Concurrent Workers: 2
 Concurrent Refinement Workers: 8
 Periodic GC: Disabled

Heap:
 garbage-first heap   total 129024K, used 3072K [0x0000000082c00000, 0x0000000100000000)
  region size 1024K, 4 young (4096K), 0 survivors (0K)
 Metaspace       used 869K, capacity 1214K, committed 1536K, reserved 1062912K
  class space    used 79K, capacity 399K, committed 512K, reserved 1048576K

Heap Regions: E=young(eden), S=young(survivor), O=old, HS=humongous(starts), HC=humongous(continues), CS=collection set, F=free, OA=open archive, CA=closed archive, TAMS=top-at-mark-start (previous, next)
|   0|0x0000000082c00000, 0x0000000082c00000, 0x0000000082d00000|  0%| F|  |TAMS 0x0000000082c00000, 0x0000000082c00000| Untracked 
|   1|0x0000000082d00000, 0x0000000082d00000, 0x0000000082e00000|  0%| F|  |TAMS 0x0000000082d00000, 0x0000000082d00000| Untracked 
|   2|0x0000000082e00000, 0x0000000082e00000, 0x0000000082f00000|  0%| F|  |TAMS 0x0000000082e00000, 0x0000000082e00000| Untracked 
|   3|0x0000000082f00000, 0x0000000082f00000, 0x0000000083000000|  0%| F|  |TAMS 0x0000000082f00000, 0x0000000082f00000| Untracked 
|   4|0x0000000083000000, 0x0000000083000000, 0x0000000083100000|  0%| F|  |TAMS 0x0000000083000000, 0x0000000083000000| Untracked 
|   5|0x0000000083100000, 0x0000000083100000, 0x0000000083200000|  0%| F|  |TAMS 0x0000000083100000, 0x0000000083100000| Untracked 
|   6|0x0000000083200000, 0x0000000083200000, 0x0000000083300000|  0%| F|  |TAMS 0x0000000083200000, 0x0000000083200000| Untracked 
|   7|0x0000000083300000, 0x0000000083300000, 0x0000000083400000|  0%| F|  |TAMS 0x0000000083300000, 0x0000000083300000| Untracked 
|   8|0x0000000083400000, 0x0000000083400000, 0x0000000083500000|  0%| F|  |TAMS 0x0000000083400000, 0x0000000083400000| Untracked 
|   9|0x0000000083500000, 0x0000000083500000, 0x0000000083600000|  0%| F|  |TAMS 0x0000000083500000, 0x0000000083500000| Untracked 
|  10|0x0000000083600000, 0x0000000083600000, 0x0000000083700000|  0%| F|  |TAMS 0x0000000083600000, 0x0000000083600000| Untracked 
|  11|0x0000000083700000, 0x0000000083700000, 0x0000000083800000|  0%| F|  |TAMS 0x0000000083700000, 0x0000000083700000| Untracked 
|  12|0x0000000083800000, 0x0000000083800000, 0x0000000083900000|  0%| F|  |TAMS 0x0000000083800000, 0x0000000083800000| Untracked 
|  13|0x0000000083900000, 0x0000000083900000, 0x0000000083a00000|  0%| F|  |TAMS 0x0000000083900000, 0x0000000083900000| Untracked 
|  14|0x0000000083a00000, 0x0000000083a00000, 0x0000000083b00000|  0%| F|  |TAMS 0x0000000083a00000, 0x0000000083a00000| Untracked 
|  15|0x0000000083b00000, 0x0000000083b00000, 0x0000000083c00000|  0%| F|  |TAMS 0x0000000083b00000, 0x0000000083b00000| Untracked 
|  16|0x0000000083c00000, 0x0000000083c00000, 0x0000000083d00000|  0%| F|  |TAMS 0x0000000083c00000, 0x0000000083c00000| Untracked 
|  17|0x0000000083d00000, 0x0000000083d00000, 0x0000000083e00000|  0%| F|  |TAMS 0x0000000083d00000, 0x0000000083d00000| Untracked 
|  18|0x0000000083e00000, 0x0000000083e00000, 0x0000000083f00000|  0%| F|  |TAMS 0x0000000083e00000, 0x0000000083e00000| Untracked 
|  19|0x0000000083f00000, 0x0000000083f00000, 0x0000000084000000|  0%| F|  |TAMS 0x0000000083f00000, 0x0000000083f00000| Untracked 
|  20|0x0000000084000000, 0x0000000084000000, 0x0000000084100000|  0%| F|  |TAMS 0x0000000084000000, 0x0000000084000000| Untracked 
|  21|0x0000000084100000, 0x0000000084100000, 0x0000000084200000|  0%| F|  |TAMS 0x0000000084100000, 0x0000000084100000| Untracked 
|  22|0x0000000084200000, 0x0000000084200000, 0x0000000084300000|  0%| F|  |TAMS 0x0000000084200000, 0x0000000084200000| Untracked 
|  23|0x0000000084300000, 0x0000000084300000, 0x0000000084400000|  0%| F|  |TAMS 0x0000000084300000, 0x0000000084300000| Untracked 
|  24|0x0000000084400000, 0x0000000084400000, 0x0000000084500000|  0%| F|  |TAMS 0x0000000084400000, 0x0000000084400000| Untracked 
|  25|0x0000000084500000, 0x0000000084500000, 0x0000000084600000|  0%| F|  |TAMS 0x0000000084500000, 0x0000000084500000| Untracked 
|  26|0x0000000084600000, 0x0000000084600000, 0x0000000084700000|  0%| F|  |TAMS 0x0000000084600000, 0x0000000084600000| Untracked 
|  27|0x0000000084700000, 0x0000000084700000, 0x0000000084800000|  0%| F|  |TAMS 0x0000000084700000, 0x0000000084700000| Untracked 
|  28|0x0000000084800000, 0x0000000084800000, 0x0000000084900000|  0%| F|  |TAMS 0x0000000084800000, 0x0000000084800000| Untracked 
|  29|0x0000000084900000, 0x0000000084900000, 0x0000000084a00000|  0%| F|  |TAMS 0x0000000084900000, 0x0000000084900000| Untracked 
|  30|0x0000000084a00000, 0x0000000084a00000, 0x0000000084b00000|  0%| F|  |TAMS 0x0000000084a00000, 0x0000000084a00000| Untracked 
|  31|0x0000000084b00000, 0x0000000084b00000, 0x0000000084c00000|  0%| F|  |TAMS 0x0000000084b00000, 0x0000000084b00000| Untracked 
|  32|0x0000000084c00000, 0x0000000084c00000, 0x0000000084d00000|  0%| F|  |TAMS 0x0000000084c00000, 0x0000000084c00000| Untracked 
|  33|0x0000000084d00000, 0x0000000084d00000, 0x0000000084e00000|  0%| F|  |TAMS 0x0000000084d00000, 0x0000000084d00000| Untracked 
|  34|0x0000000084e00000, 0x0000000084e00000, 0x0000000084f00000|  0%| F|  |TAMS 0x0000000084e00000, 0x0000000084e00000| Untracked 
|  35|0x0000000084f00000, 0x0000000084f00000, 0x0000000085000000|  0%| F|  |TAMS 0x0000000084f00000, 0x0000000084f00000| Untracked 
|  36|0x0000000085000000, 0x0000000085000000, 0x0000000085100000|  0%| F|  |TAMS 0x0000000085000000, 0x0000000085000000| Untracked 
|  37|0x0000000085100000, 0x0000000085100000, 0x0000000085200000|  0%| F|  |TAMS 0x0000000085100000, 0x0000000085100000| Untracked 
|  38|0x0000000085200000, 0x0000000085200000, 0x0000000085300000|  0%| F|  |TAMS 0x0000000085200000, 0x0000000085200000| Untracked 
|  39|0x0000000085300000, 0x0000000085300000, 0x0000000085400000|  0%| F|  |TAMS 0x0000000085300000, 0x0000000085300000| Untracked 
|  40|0x0000000085400000, 0x0000000085400000, 0x0000000085500000|  0%| F|  |TAMS 0x0000000085400000, 0x0000000085400000| Untracked 
|  41|0x0000000085500000, 0x0000000085500000, 0x0000000085600000|  0%| F|  |TAMS 0x0000000085500000, 0x0000000085500000| Untracked 
|  42|0x0000000085600000, 0x0000000085600000, 0x0000000085700000|  0%| F|  |TAMS 0x0000000085600000, 0x0000000085600000| Untracked 
|  43|0x0000000085700000, 0x0000000085700000, 0x0000000085800000|  0%| F|  |TAMS 0x0000000085700000, 0x0000000085700000| Untracked 
|  44|0x0000000085800000, 0x0000000085800000, 0x0000000085900000|  0%| F|  |TAMS 0x0000000085800000, 0x0000000085800000| Untracked 
|  45|0x0000000085900000, 0x0000000085900000, 0x0000000085a00000|  0%| F|  |TAMS 0x0000000085900000, 0x0000000085900000| Untracked 
|  46|0x0000000085a00000, 0x0000000085a00000, 0x0000000085b00000|  0%| F|  |TAMS 0x0000000085a00000, 0x0000000085a00000| Untracked 
|  47|0x0000000085b00000, 0x0000000085b00000, 0x0000000085c00000|  0%| F|  |TAMS 0x0000000085b00000, 0x0000000085b00000| Untracked 
|  48|0x0000000085c00000, 0x0000000085c00000, 0x0000000085d00000|  0%| F|  |TAMS 0x0000000085c00000, 0x0000000085c00000| Untracked 
|  49|0x0000000085d00000, 0x0000000085d00000, 0x0000000085e00000|  0%| F|  |TAMS 0x0000000085d00000, 0x0000000085d00000| Untracked 
|  50|0x0000000085e00000, 0x0000000085e00000, 0x0000000085f00000|  0%| F|  |TAMS 0x0000000085e00000, 0x0000000085e00000| Untracked 
|  51|0x0000000085f00000, 0x0000000085f00000, 0x0000000086000000|  0%| F|  |TAMS 0x0000000085f00000, 0x0000000085f00000| Untracked 
|  52|0x0000000086000000, 0x0000000086000000, 0x0000000086100000|  0%| F|  |TAMS 0x0000000086000000, 0x0000000086000000| Untracked 
|  53|0x0000000086100000, 0x0000000086100000, 0x0000000086200000|  0%| F|  |TAMS 0x0000000086100000, 0x0000000086100000| Untracked 
|  54|0x0000000086200000, 0x0000000086200000, 0x0000000086300000|  0%| F|  |TAMS 0x0000000086200000, 0x0000000086200000| Untracked 
|  55|0x0000000086300000, 0x0000000086300000, 0x0000000086400000|  0%| F|  |TAMS 0x0000000086300000, 0x0000000086300000| Untracked 
|  56|0x0000000086400000, 0x0000000086400000, 0x0000000086500000|  0%| F|  |TAMS 0x0000000086400000, 0x0000000086400000| Untracked 
|  57|0x0000000086500000, 0x0000000086500000, 0x0000000086600000|  0%| F|  |TAMS 0x0000000086500000, 0x0000000086500000| Untracked 
|  58|0x0000000086600000, 0x0000000086600000, 0x0000000086700000|  0%| F|  |TAMS 0x0000000086600000, 0x0000000086600000| Untracked 
|  59|0x0000000086700000, 0x0000000086700000, 0x0000000086800000|  0%| F|  |TAMS 0x0000000086700000, 0x0000000086700000| Untracked 
|  60|0x0000000086800000, 0x0000000086800000, 0x0000000086900000|  0%| F|  |TAMS 0x0000000086800000, 0x0000000086800000| Untracked 
|  61|0x0000000086900000, 0x0000000086900000, 0x0000000086a00000|  0%| F|  |TAMS 0x0000000086900000, 0x0000000086900000| Untracked 
|  62|0x0000000086a00000, 0x0000000086a00000, 0x0000000086b00000|  0%| F|  |TAMS 0x0000000086a00000, 0x0000000086a00000| Untracked 
|  63|0x0000000086b00000, 0x0000000086b00000, 0x0000000086c00000|  0%| F|  |TAMS 0x0000000086b00000, 0x0000000086b00000| Untracked 
|  64|0x0000000086c00000, 0x0000000086c00000, 0x0000000086d00000|  0%| F|  |TAMS 0x0000000086c00000, 0x0000000086c00000| Untracked 
|  65|0x0000000086d00000, 0x0000000086d00000, 0x0000000086e00000|  0%| F|  |TAMS 0x0000000086d00000, 0x0000000086d00000| Untracked 
|  66|0x0000000086e00000, 0x0000000086e00000, 0x0000000086f00000|  0%| F|  |TAMS 0x0000000086e00000, 0x0000000086e00000| Untracked 
|  67|0x0000000086f00000, 0x0000000086f00000, 0x0000000087000000|  0%| F|  |TAMS 0x0000000086f00000, 0x0000000086f00000| Untracked 
|  68|0x0000000087000000, 0x0000000087000000, 0x0000000087100000|  0%| F|  |TAMS 0x0000000087000000, 0x0000000087000000| Untracked 
|  69|0x0000000087100000, 0x0000000087100000, 0x0000000087200000|  0%| F|  |TAMS 0x0000000087100000, 0x0000000087100000| Untracked 
|  70|0x0000000087200000, 0x0000000087200000, 0x0000000087300000|  0%| F|  |TAMS 0x0000000087200000, 0x0000000087200000| Untracked 
|  71|0x0000000087300000, 0x0000000087300000, 0x0000000087400000|  0%| F|  |TAMS 0x0000000087300000, 0x0000000087300000| Untracked 
|  72|0x0000000087400000, 0x0000000087400000, 0x0000000087500000|  0%| F|  |TAMS 0x0000000087400000, 0x0000000087400000| Untracked 
|  73|0x0000000087500000, 0x0000000087500000, 0x0000000087600000|  0%| F|  |TAMS 0x0000000087500000, 0x0000000087500000| Untracked 
|  74|0x0000000087600000, 0x0000000087600000, 0x0000000087700000|  0%| F|  |TAMS 0x0000000087600000, 0x0000000087600000| Untracked 
|  75|0x0000000087700000, 0x0000000087700000, 0x0000000087800000|  0%| F|  |TAMS 0x0000000087700000, 0x0000000087700000| Untracked 
|  76|0x0000000087800000, 0x0000000087800000, 0x0000000087900000|  0%| F|  |TAMS 0x0000000087800000, 0x0000000087800000| Untracked 
|  77|0x0000000087900000, 0x0000000087900000, 0x0000000087a00000|  0%| F|  |TAMS 0x0000000087900000, 0x0000000087900000| Untracked 
|  78|0x0000000087a00000, 0x0000000087a00000, 0x0000000087b00000|  0%| F|  |TAMS 0x0000000087a00000, 0x0000000087a00000| Untracked 
|  79|0x0000000087b00000, 0x0000000087b00000, 0x0000000087c00000|  0%| F|  |TAMS 0x0000000087b00000, 0x0000000087b00000| Untracked 
|  80|0x0000000087c00000, 0x0000000087c00000, 0x0000000087d00000|  0%| F|  |TAMS 0x0000000087c00000, 0x0000000087c00000| Untracked 
|  81|0x0000000087d00000, 0x0000000087d00000, 0x0000000087e00000|  0%| F|  |TAMS 0x0000000087d00000, 0x0000000087d00000| Untracked 
|  82|0x0000000087e00000, 0x0000000087e00000, 0x0000000087f00000|  0%| F|  |TAMS 0x0000000087e00000, 0x0000000087e00000| Untracked 
|  83|0x0000000087f00000, 0x0000000087f00000, 0x0000000088000000|  0%| F|  |TAMS 0x0000000087f00000, 0x0000000087f00000| Untracked 
|  84|0x0000000088000000, 0x0000000088000000, 0x0000000088100000|  0%| F|  |TAMS 0x0000000088000000, 0x0000000088000000| Untracked 
|  85|0x0000000088100000, 0x0000000088100000, 0x0000000088200000|  0%| F|  |TAMS 0x0000000088100000, 0x0000000088100000| Untracked 
|  86|0x0000000088200000, 0x0000000088200000, 0x0000000088300000|  0%| F|  |TAMS 0x0000000088200000, 0x0000000088200000| Untracked 
|  87|0x0000000088300000, 0x0000000088300000, 0x0000000088400000|  0%| F|  |TAMS 0x0000000088300000, 0x0000000088300000| Untracked 
|  88|0x0000000088400000, 0x0000000088400000, 0x0000000088500000|  0%| F|  |TAMS 0x0000000088400000, 0x0000000088400000| Untracked 
|  89|0x0000000088500000, 0x0000000088500000, 0x0000000088600000|  0%| F|  |TAMS 0x0000000088500000, 0x0000000088500000| Untracked 
|  90|0x0000000088600000, 0x0000000088600000, 0x0000000088700000|  0%| F|  |TAMS 0x0000000088600000, 0x0000000088600000| Untracked 
|  91|0x0000000088700000, 0x0000000088700000, 0x0000000088800000|  0%| F|  |TAMS 0x0000000088700000, 0x0000000088700000| Untracked 
|  92|0x0000000088800000, 0x0000000088800000, 0x0000000088900000|  0%| F|  |TAMS 0x0000000088800000, 0x0000000088800000| Untracked 
|  93|0x0000000088900000, 0x0000000088900000, 0x0000000088a00000|  0%| F|  |TAMS 0x0000000088900000, 0x0000000088900000| Untracked 
|  94|0x0000000088a00000, 0x0000000088a00000, 0x0000000088b00000|  0%| F|  |TAMS 0x0000000088a00000, 0x0000000088a00000| Untracked 
|  95|0x0000000088b00000, 0x0000000088b00000, 0x0000000088c00000|  0%| F|  |TAMS 0x0000000088b00000, 0x0000000088b00000| Untracked 
|  96|0x0000000088c00000, 0x0000000088c00000, 0x0000000088d00000|  0%| F|  |TAMS 0x0000000088c00000, 0x0000000088c00000| Untracked 
|  97|0x0000000088d00000, 0x0000000088d00000, 0x0000000088e00000|  0%| F|  |TAMS 0x0000000088d00000, 0x0000000088d00000| Untracked 
|  98|0x0000000088e00000, 0x0000000088e00000, 0x0000000088f00000|  0%| F|  |TAMS 0x0000000088e00000, 0x0000000088e00000| Untracked 
|  99|0x0000000088f00000, 0x0000000088f00000, 0x0000000089000000|  0%| F|  |TAMS 0x0000000088f00000, 0x0000000088f00000| Untracked 
| 100|0x0000000089000000, 0x0000000089000000, 0x0000000089100000|  0%| F|  |TAMS 0x0000000089000000, 0x0000000089000000| Untracked 
| 101|0x0000000089100000, 0x0000000089100000, 0x0000000089200000|  0%| F|  |TAMS 0x0000000089100000, 0x0000000089100000| Untracked 
| 102|0x0000000089200000, 0x0000000089200000, 0x0000000089300000|  0%| F|  |TAMS 0x0000000089200000, 0x0000000089200000| Untracked 
| 103|0x0000000089300000, 0x0000000089300000, 0x0000000089400000|  0%| F|  |TAMS 0x0000000089300000, 0x0000000089300000| Untracked 
| 104|0x0000000089400000, 0x0000000089400000, 0x0000000089500000|  0%| F|  |TAMS 0x0000000089400000, 0x0000000089400000| Untracked 
| 105|0x0000000089500000, 0x0000000089500000, 0x0000000089600000|  0%| F|  |TAMS 0x0000000089500000, 0x0000000089500000| Untracked 
| 106|0x0000000089600000, 0x0000000089600000, 0x0000000089700000|  0%| F|  |TAMS 0x0000000089600000, 0x0000000089600000| Untracked 
| 107|0x0000000089700000, 0x0000000089700000, 0x0000000089800000|  0%| F|  |TAMS 0x0000000089700000, 0x0000000089700000| Untracked 
| 108|0x0000000089800000, 0x0000000089800000, 0x0000000089900000|  0%| F|  |TAMS 0x0000000089800000, 0x0000000089800000| Untracked 
| 109|0x0000000089900000, 0x0000000089900000, 0x0000000089a00000|  0%| F|  |TAMS 0x0000000089900000, 0x0000000089900000| Untracked 
| 110|0x0000000089a00000, 0x0000000089a00000, 0x0000000089b00000|  0%| F|  |TAMS 0x0000000089a00000, 0x0000000089a00000| Untracked 
| 111|0x0000000089b00000, 0x0000000089b00000, 0x0000000089c00000|  0%| F|  |TAMS 0x0000000089b00000, 0x0000000089b00000| Untracked 
| 112|0x0000000089c00000, 0x0000000089c00000, 0x0000000089d00000|  0%| F|  |TAMS 0x0000000089c00000, 0x0000000089c00000| Untracked 
| 113|0x0000000089d00000, 0x0000000089d00000, 0x0000000089e00000|  0%| F|  |TAMS 0x0000000089d00000, 0x0000000089d00000| Untracked 
| 114|0x0000000089e00000, 0x0000000089e00000, 0x0000000089f00000|  0%| F|  |TAMS 0x0000000089e00000, 0x0000000089e00000| Untracked 
| 115|0x0000000089f00000, 0x0000000089f00000, 0x000000008a000000|  0%| F|  |TAMS 0x0000000089f00000, 0x0000000089f00000| Untracked 
| 116|0x000000008a000000, 0x000000008a000000, 0x000000008a100000|  0%| F|  |TAMS 0x000000008a000000, 0x000000008a000000| Untracked 
| 117|0x000000008a100000, 0x000000008a100000, 0x000000008a200000|  0%| F|  |TAMS 0x000000008a100000, 0x000000008a100000| Untracked 
| 118|0x000000008a200000, 0x000000008a200000, 0x000000008a300000|  0%| F|  |TAMS 0x000000008a200000, 0x000000008a200000| Untracked 
| 119|0x000000008a300000, 0x000000008a300000, 0x000000008a400000|  0%| F|  |TAMS 0x000000008a300000, 0x000000008a300000| Untracked 
| 120|0x000000008a400000, 0x000000008a400000, 0x000000008a500000|  0%| F|  |TAMS 0x000000008a400000, 0x000000008a400000| Untracked 
| 121|0x000000008a500000, 0x000000008a500000, 0x000000008a600000|  0%| F|  |TAMS 0x000000008a500000, 0x000000008a500000| Untracked 
| 122|0x000000008a600000, 0x000000008a676440, 0x000000008a700000| 46%| E|  |TAMS 0x000000008a600000, 0x000000008a600000| Complete 
| 123|0x000000008a700000, 0x000000008a800000, 0x000000008a800000|100%| E|CS|TAMS 0x000000008a700000, 0x000000008a700000| Complete 
| 124|0x000000008a800000, 0x000000008a900000, 0x000000008a900000|100%| E|CS|TAMS 0x000000008a800000, 0x000000008a800000| Complete 
| 125|0x000000008a900000, 0x000000008aa00000, 0x000000008aa00000|100%| E|CS|TAMS 0x000000008a900000, 0x000000008a900000| Complete 

Card table byte_map: [0x0000017459d50000,0x000001745a140000] _byte_map_base: 0x000001745993a000

Marking Bits (Prev, Next): (CMBitMap*) 0x0000017442435890, (CMBitMap*) 0x00000174424358d0
 Prev Bits: [0x000001745a530000, 0x000001745c480000)
 Next Bits: [0x000001745c480000, 0x000001745e3d0000)

Polling page: 0x00000174403d0000

Metaspace:

Usage:
  Non-class:    879.00 KB capacity,   835.28 KB ( 95%) used,    40.91 KB (  5%) free+waste,     2.81 KB ( <1%) overhead. 
      Class:    399.00 KB capacity,    85.21 KB ( 21%) used,   312.85 KB ( 78%) free+waste,   960 bytes ( <1%) overhead. 
       Both:      1.25 MB capacity,   920.49 KB ( 72%) used,   353.76 KB ( 28%) free+waste,     3.75 KB ( <1%) overhead. 

Virtual space:
  Non-class space:       14.00 MB reserved,       1.00 MB (  7%) committed 
      Class space:        1.00 GB reserved,     512.00 KB ( <1%) committed 
             Both:        1.01 GB reserved,       1.50 MB ( <1%) committed 

Chunk freelists:
   Non-Class:  17.00 KB
       Class:  0 bytes
        Both:  17.00 KB

MaxMetaspaceSize: 17179869184.00 GB
CompressedClassSpaceSize: 1.00 GB

CodeHeap 'non-profiled nmethods': size=120000Kb used=139Kb max_used=139Kb free=119861Kb
 bounds [0x0000017452100000, 0x0000017452370000, 0x0000017459630000]
CodeHeap 'profiled nmethods': size=120000Kb used=516Kb max_used=516Kb free=119483Kb
 bounds [0x000001744abd0000, 0x000001744ae40000, 0x0000017452100000]
CodeHeap 'non-nmethods': size=5760Kb used=1115Kb max_used=1134Kb free=4644Kb
 bounds [0x000001744a630000, 0x000001744a8a0000, 0x000001744abd0000]
 total_blobs=783 nmethods=426 adapters=270
 compilation: enabled
              stopped_count=0, restarted_count=0
 full_count=0

Compilation events (20 events):
Event: 0.095 Thread 0x0000017460e06540 nmethod 357 0x0000017452116b90 code [0x0000017452116d20, 0x0000017452116dd8]
Event: 0.096 Thread 0x0000017460e06540  359       1       java.lang.module.ModuleDescriptor::packages (5 bytes)
Event: 0.096 Thread 0x0000017460e06540 nmethod 359 0x0000017452116e90 code [0x0000017452117020, 0x00000174521170d8]
Event: 0.096 Thread 0x0000017460e06540  360       1       java.lang.module.ResolvedModule::reference (5 bytes)
Event: 0.096 Thread 0x0000017460e06540 nmethod 360 0x0000017452117190 code [0x0000017452117320, 0x00000174521173d8]
Event: 0.096 Thread 0x0000017460e06540  361       3       java.util.Optional::orElse (16 bytes)
Event: 0.096 Thread 0x0000017460e06540 nmethod 361 0x000001744ac41a10 code [0x000001744ac41ba0, 0x000001744ac41cf8]
Event: 0.097 Thread 0x0000017460e06540  362       3       java.util.Optional::ofNullable (19 bytes)
Event: 0.097 Thread 0x0000017460e06540 nmethod 362 0x000001744ac41d90 code [0x000001744ac41f40, 0x000001744ac421f8]
Event: 0.097 Thread 0x0000017460e06540  363       1       java.lang.module.ModuleDescriptor$Version::toString (5 bytes)
Event: 0.097 Thread 0x0000017460e06540 nmethod 363 0x0000017452117490 code [0x0000017452117620, 0x00000174521176d8]
Event: 0.097 Thread 0x0000017460e06540  364       3       java.lang.module.ResolvedModule::name (11 bytes)
Event: 0.097 Thread 0x0000017460e06540 nmethod 364 0x000001744ac42310 code [0x000001744ac424a0, 0x000001744ac425f8]
Event: 0.098 Thread 0x0000017460e06540  365       1       java.lang.module.ModuleDescriptor::isOpen (5 bytes)
Event: 0.098 Thread 0x0000017460e06540 nmethod 365 0x0000017452117790 code [0x0000017452117920, 0x00000174521179d8]
Event: 0.098 Thread 0x0000017460e06540  367       1       java.util.HashMap::size (5 bytes)
Event: 0.098 Thread 0x0000017460e06540 nmethod 367 0x0000017452117a90 code [0x0000017452117c20, 0x0000017452117cd8]
Event: 0.098 Thread 0x0000017460e06540  368       1       java.lang.module.ResolvedModule::configuration (5 bytes)
Event: 0.098 Thread 0x0000017460e06540 nmethod 368 0x0000017452117d90 code [0x0000017452117f20, 0x0000017452117fd8]
Event: 0.099 Thread 0x0000017460e06540  371       3       java.util.ImmutableCollections$SetN::<init> (90 bytes)

GC Heap History (0 events):
No events

Deoptimization events (0 events):
No events

Classes unloaded (0 events):
No events

Classes redefined (0 events):
No events

Internal exceptions (5 events):
Event: 0.085 Thread 0x00000174423f37d0 Exception <a 'java/lang/NoSuchMethodError'{0x000000008a733b18}: 'void java.lang.invoke.DirectMethodHandle$Holder.invokeSpecial(java.lang.Object, java.lang.Object, java.lang.Object)'> (0x000000008a733b18) 
thrown [./open/src/hotspot/share/interpreter/linkResolver.cpp, line 782]
Event: 0.087 Thread 0x00000174423f37d0 Exception <a 'java/lang/NoSuchMethodError'{0x000000008a744e90}: 'void java.lang.invoke.DirectMethodHandle$Holder.invokeSpecial(java.lang.Object, java.lang.Object, java.lang.Object, java.lang.Object, java.lang.Object)'> (0x000000008a744e90) 
thrown [./open/src/hotspot/share/interpreter/linkResolver.cpp, line 782]
Event: 0.089 Thread 0x00000174423f37d0 Exception <a 'java/lang/NoSuchMethodError'{0x000000008a755ea0}: 'java.lang.Object java.lang.invoke.DirectMethodHandle$Holder.invokeInterface(java.lang.Object, java.lang.Object)'> (0x000000008a755ea0) 
thrown [./open/src/hotspot/share/interpreter/linkResolver.cpp, line 782]
Event: 0.089 Thread 0x00000174423f37d0 Exception <a 'java/lang/IncompatibleClassChangeError'{0x000000008a7595f0}: Found class java.lang.Object, but interface was expected> (0x000000008a7595f0) 
thrown [./open/src/hotspot/share/interpreter/linkResolver.cpp, line 848]
Event: 0.089 Thread 0x00000174423f37d0 Exception <a 'java/lang/NoSuchMethodError'{0x000000008a75c5e8}: 'void java.lang.invoke.DirectMethodHandle$Holder.invokeStatic(java.lang.Object, java.lang.Object, java.lang.Object, java.lang.Object)'> (0x000000008a75c5e8) 
thrown [./open/src/hotspot/share/interpreter/linkResolver.cpp, line 782]

Events (20 events):
Event: 0.071 Loaded shared library C:\Program Files\Java\jdk-15.0.2\bin\zip.dll
Event: 0.082 Thread 0x0000017461cc05d0 Thread added: 0x0000017461cc05d0
Event: 0.082 loading class sun/security/util/ManifestEntryVerifier
Event: 0.083 loading class sun/security/util/ManifestEntryVerifier done
Event: 0.083 loading class java/io/BufferedReader
Event: 0.083 loading class java/io/Reader
Event: 0.083 loading class java/io/Reader done
Event: 0.083 loading class java/io/BufferedReader done
Event: 0.083 loading class java/io/InputStreamReader
Event: 0.083 loading class java/io/InputStreamReader done
Event: 0.083 loading class sun/nio/cs/StreamDecoder
Event: 0.083 loading class sun/nio/cs/StreamDecoder done
Event: 0.083 loading class sun/nio/cs/UTF_8$Decoder
Event: 0.084 loading class sun/nio/cs/UTF_8$Decoder done
Event: 0.098 loading class java/lang/WeakPairMap$Pair$Weak
Event: 0.098 loading class java/lang/WeakPairMap$WeakRefPeer
Event: 0.098 loading class java/lang/WeakPairMap$WeakRefPeer done
Event: 0.098 loading class java/lang/WeakPairMap$Pair$Weak done
Event: 0.098 loading class java/lang/WeakPairMap$Pair$Weak$1
Event: 0.098 loading class java/lang/WeakPairMap$Pair$Weak$1 done


Dynamic libraries:
0x00007ff6be270000 - 0x00007ff6be27f000 	C:\Program Files\Java\jdk-15.0.2\bin\javaw.exe
0x00007ff9c1750000 - 0x00007ff9c1945000 	C:\WINDOWS\SYSTEM32\ntdll.dll
0x00007ff9bf7b0000 - 0x00007ff9bf86d000 	C:\WINDOWS\System32\KERNEL32.DLL
0x00007ff9bf3a0000 - 0x00007ff9bf669000 	C:\WINDOWS\System32\KERNELBASE.dll
0x00007ff9bf190000 - 0x00007ff9bf290000 	C:\WINDOWS\System32\ucrtbase.dll
0x00007ff9bca80000 - 0x00007ff9bca99000 	C:\Program Files\Java\jdk-15.0.2\bin\VCRUNTIME140.dll
0x00007ff9bcae0000 - 0x00007ff9bcaf8000 	C:\Program Files\Java\jdk-15.0.2\bin\jli.dll
0x00007ff9c0090000 - 0x00007ff9c013c000 	C:\WINDOWS\System32\ADVAPI32.dll
0x00007ff9c08d0000 - 0x00007ff9c096e000 	C:\WINDOWS\System32\msvcrt.dll
0x00007ff9c1050000 - 0x00007ff9c10eb000 	C:\WINDOWS\System32\sechost.dll
0x00007ff9c0f20000 - 0x00007ff9c104a000 	C:\WINDOWS\System32\RPCRT4.dll
0x00007ff9c13d0000 - 0x00007ff9c1570000 	C:\WINDOWS\System32\USER32.dll
0x00007ff9bf730000 - 0x00007ff9bf752000 	C:\WINDOWS\System32\win32u.dll
0x00007ff9aeec0000 - 0x00007ff9af15a000 	C:\WINDOWS\WinSxS\amd64_microsoft.windows.common-controls_6595b64144ccf1df_6.0.19041.1110_none_60b5254171f9507e\COMCTL32.dll
0x00007ff9c13a0000 - 0x00007ff9c13ca000 	C:\WINDOWS\System32\GDI32.dll
0x00007ff9bee80000 - 0x00007ff9bef8b000 	C:\WINDOWS\System32\gdi32full.dll
0x00007ff9bef90000 - 0x00007ff9bf02d000 	C:\WINDOWS\System32\msvcp_win.dll
0x00007ff9b4730000 - 0x00007ff9b473a000 	C:\WINDOWS\SYSTEM32\VERSION.dll
0x00007ff9c1620000 - 0x00007ff9c1650000 	C:\WINDOWS\System32\IMM32.DLL
0x00007ff9bcd50000 - 0x00007ff9bcd5c000 	C:\Program Files\Java\jdk-15.0.2\bin\vcruntime140_1.dll
0x00007ff9b9910000 - 0x00007ff9b99a1000 	C:\Program Files\Java\jdk-15.0.2\bin\msvcp140.dll
0x00007ff979ff0000 - 0x00007ff97ab4e000 	C:\Program Files\Java\jdk-15.0.2\bin\server\jvm.dll
0x00007ff9c10f0000 - 0x00007ff9c10f8000 	C:\WINDOWS\System32\PSAPI.DLL
0x00007ff9a2450000 - 0x00007ff9a2459000 	C:\WINDOWS\SYSTEM32\WSOCK32.dll
0x00007ff9a5f50000 - 0x00007ff9a5f77000 	C:\WINDOWS\SYSTEM32\WINMM.dll
0x00007ff9c0860000 - 0x00007ff9c08cb000 	C:\WINDOWS\System32\WS2_32.dll
0x00007ff9bd710000 - 0x00007ff9bd722000 	C:\WINDOWS\SYSTEM32\kernel.appcore.dll
0x00007ff9bca70000 - 0x00007ff9bca7a000 	C:\Program Files\Java\jdk-15.0.2\bin\jimage.dll
0x00007ff9b93f0000 - 0x00007ff9b95d4000 	C:\WINDOWS\SYSTEM32\DBGHELP.DLL
0x00007ff9adba0000 - 0x00007ff9adbcc000 	C:\WINDOWS\SYSTEM32\dbgcore.DLL
0x00007ff9bf670000 - 0x00007ff9bf6f3000 	C:\WINDOWS\System32\bcryptPrimitives.dll
0x00007ff9bbe30000 - 0x00007ff9bbe55000 	C:\Program Files\Java\jdk-15.0.2\bin\java.dll
0x00007ff9bf950000 - 0x00007ff9c008f000 	C:\WINDOWS\System32\SHELL32.dll
0x00007ff9bcf70000 - 0x00007ff9bd700000 	C:\WINDOWS\SYSTEM32\windows.storage.dll
0x00007ff9c0450000 - 0x00007ff9c07a5000 	C:\WINDOWS\System32\combase.dll
0x00007ff9be8e0000 - 0x00007ff9be90c000 	C:\WINDOWS\SYSTEM32\Wldp.dll
0x00007ff9c1570000 - 0x00007ff9c161e000 	C:\WINDOWS\System32\SHCORE.dll
0x00007ff9c16b0000 - 0x00007ff9c1705000 	C:\WINDOWS\System32\shlwapi.dll
0x00007ff9bedc0000 - 0x00007ff9beddf000 	C:\WINDOWS\SYSTEM32\profapi.dll
0x00007ff9bbf70000 - 0x00007ff9bbf89000 	C:\Program Files\Java\jdk-15.0.2\bin\net.dll
0x00007ff9b85b0000 - 0x00007ff9b86b8000 	C:\WINDOWS\SYSTEM32\WINHTTP.dll
0x00007ff9be5d0000 - 0x00007ff9be63a000 	C:\WINDOWS\system32\mswsock.dll
0x00007ff9bbd20000 - 0x00007ff9bbd32000 	C:\Program Files\Java\jdk-15.0.2\bin\nio.dll
0x00007ff9bbc90000 - 0x00007ff9bbca8000 	C:\Program Files\Java\jdk-15.0.2\bin\zip.dll

dbghelp: loaded successfully - version: 4.0.5 - missing functions: none
symbol engine: initialized successfully - sym options: 0x614 - pdb path: .;C:\Program Files\Java\jdk-15.0.2\bin;C:\WINDOWS\SYSTEM32;C:\WINDOWS\WinSxS\amd64_microsoft.windows.common-controls_6595b64144ccf1df_6.0.19041.1110_none_60b5254171f9507e;C:\Program Files\Java\jdk-15.0.2\bin\server

VM Arguments:
jvm_args: -Dfile.encoding=Cp1252 --module-path=C:\Users\Bao binh\git\Java\Restaurant\src\libs\jcalendar-1.4.jar;C:\Users\Bao binh\git\Java\Restaurant\src\libs\mysql-connector-java-8.0.25.jar -XX:+ShowCodeDetailsInExceptionMessages 
java_command: Main.main
java_class_path (initial): C:\Users\Bao binh\git\Java\Restaurant\bin
Launcher Type: SUN_STANDARD

[Global flags]
     intx CICompilerCount                          = 4                                         {product} {ergonomic}
     uint ConcGCThreads                            = 2                                         {product} {ergonomic}
     uint G1ConcRefinementThreads                  = 8                                         {product} {ergonomic}
   size_t G1HeapRegionSize                         = 1048576                                   {product} {ergonomic}
    uintx GCDrainStackTargetSize                   = 64                                        {product} {ergonomic}
   size_t InitialHeapSize                          = 132120576                                 {product} {ergonomic}
   size_t MarkStackSize                            = 4194304                                   {product} {ergonomic}
   size_t MaxHeapSize                              = 2101346304                                {product} {ergonomic}
   size_t MaxNewSize                               = 1260388352                                {product} {ergonomic}
   size_t MinHeapDeltaBytes                        = 1048576                                   {product} {ergonomic}
   size_t MinHeapSize                              = 8388608                                   {product} {ergonomic}
    uintx NonNMethodCodeHeapSize                   = 5839372                                {pd product} {ergonomic}
    uintx NonProfiledCodeHeapSize                  = 122909434                              {pd product} {ergonomic}
    uintx ProfiledCodeHeapSize                     = 122909434                              {pd product} {ergonomic}
    uintx ReservedCodeCacheSize                    = 251658240                              {pd product} {ergonomic}
     bool SegmentedCodeCache                       = true                                      {product} {ergonomic}
     bool ShowCodeDetailsInExceptionMessages       = true                                   {manageable} {command line}
   size_t SoftMaxHeapSize                          = 2101346304                             {manageable} {ergonomic}
     bool UseCompressedClassPointers               = true                                 {lp64_product} {ergonomic}
     bool UseCompressedOops                        = true                                 {lp64_product} {ergonomic}
     bool UseG1GC                                  = true                                      {product} {ergonomic}
     bool UseLargePagesIndividualAllocation        = false                                  {pd product} {ergonomic}

Logging:
Log output configuration:
 #0: stdout all=warning uptime,level,tags
 #1: stderr all=off uptime,level,tags

Environment Variables:
PATH=C:\Program Files\Common Files\Oracle\Java\javapath;C:\App\db_home\bin;C:\WINDOWS\system32;C:\WINDOWS;C:\WINDOWS\System32\Wbem;C:\WINDOWS\System32\WindowsPowerShell\v1.0\;C:\WINDOWS\System32\OpenSSH\;C:\Program Files\Java\jre1.8.0_271\bin;C:\App\db_home\bin;C:\Program Files\dotnet\;C:\Program Files\Microsoft SQL Server\130\Tools\Binn\;C:\Program Files\Git\cmd;C:\Users\Bao binh\AppData\Local\Programs\Python\Python39\Scripts\;C:\Users\Bao binh\AppData\Local\Programs\Python\Python39\;C:\Users\Bao binh\AppData\Local\Microsoft\WindowsApps;C:\Users\Bao binh\AppData\Local\Programs\Microsoft VS Code\bin;C:\Program Files\Java\jre1.8.0_271\bin;C:\App\db_home\bin;C:\Users\Bao binh\.dotnet\tools;C:\Users\Bao binh\AppData\Local\GitHubDesktop\bin;
USERNAME=Bao binh
OS=Windows_NT
PROCESSOR_IDENTIFIER=Intel64 Family 6 Model 142 Stepping 12, GenuineIntel



---------------  S Y S T E M  ---------------

OS:
 Windows 10 , 64 bit Build 19041 (10.0.19041.1151)
OS uptime: 29 days 11:52 hours

CPU: total 8 (initial active 8) (4 cores per cpu, 2 threads per core) family 6 model 142 stepping 12 microcode 0xd6, cmov, cx8, fxsr, mmx, sse, sse2, sse3, ssse3, sse4.1, sse4.2, popcnt, vzeroupper, avx, avx2, aes, clmul, erms, 3dnowpref, lzcnt, ht, tsc, tscinvbit, bmi1, bmi2, adx, fma, clflush, clflushopt

Memory: 4k page, system-wide physical 8013M (612M free)
TotalPageFile size 32589M (AvailPageFile size 1M)
current process WorkingSet (physical memory assigned to process): 37M, peak: 37M
current process commit charge ("private bytes"): 211M, peak: 211M

vm_info: Java HotSpot(TM) 64-Bit Server VM (15.0.2+7-27) for windows-amd64 JRE (15.0.2+7-27), built on Dec  7 2020 20:07:01 by "mach5one" with unknown MS VC++:1925

END.
